<?xml version="1.0" encoding="UTF-8" standalone="yes" ?>
<test-results name="C:\Users\fernando.simas\Documents\Embarcadero\Studio\Projects\fileDownload\tests\Win32\Debug\fileDownloadTests.exe" total="3" errors="0" failures="0" ignored="0" inconclusive="0" not-run="0" skipped="0" invalid="0" date="2022-04-08" time="0.010">
  <culture-info current-culture="en" current-uiculture="en" />
  <test-suite type="Assembly" name="fileDownloadTests.exe" executed="true" result="Success" success="True" time="0.010" asserts="0">
    <results>
        <test-suite type="Namespace" name="untMainTest" executed="true" result="Success" success="True" time="0.010" asserts="0" >
          <results>
              <test-suite type="Fixture" name="TMyTestObject" executed="True" result="Success" success="True" time="0.010" >
                <results>
                  <test-case name="Test1" executed="True" result="Success" success="True" time="0.000" asserts="0" />
                  <test-case name="Test2.TestA" executed="True" result="Success" success="True" time="0.000" asserts="0" />
                  <test-case name="Test2.TestB" executed="True" result="Success" success="True" time="0.000" asserts="0" />
                </results>
              </test-suite>
          </results>
        </test-suite>
    </results>
  </test-suite>
</test-results>
